Case #1: Doesn't Exist!
Case #2: Doesn't Exist!
Case #3: Doesn't Exist!
Case #4: ((()()))()()()
Case #5: Doesn't Exist!
Case #6: Doesn't Exist!
Case #7: (()()(()()())())()
Case #8: (()()((())()()))()
Case #9: ()()
Case #10: ((()())(())()()())
Case #11: (((())()()(()))())
Case #12: ()(()())(((()())))
Case #13: Doesn't Exist!
Case #14: (()(((()(((())))))))
Case #15: (((()())())())()()
Case #16: (())()(()()()())
Case #17: Doesn't Exist!
Case #18: ()(()((())))((()))
Case #19: ((())(()))
Case #20: ((((())))()()())
Case #21: Doesn't Exist!
Case #22: (()(()))
Case #23: ()
Case #24: Doesn't Exist!
Case #25: ()(())
Case #26: ()(()(()(()))(()))()
Case #27: Doesn't Exist!
Case #28: (((())))
Case #29: Doesn't Exist!
Case #30: ((()))
Case #31: Doesn't Exist!
Case #32: ()((())(()()))
Case #33: ()((()()))(((())))
Case #34: Doesn't Exist!
Case #35: (())()()
Case #36: ((())()(()))()
Case #37: Doesn't Exist!
Case #38: Doesn't Exist!
Case #39: ((())())()
Case #40: Doesn't Exist!
Case #41: ((()())())
Case #42: Doesn't Exist!
Case #43: (()()()((())()()))
Case #44: Doesn't Exist!
Case #45: (())()(()()()())
Case #46: Doesn't Exist!
Case #47: ()((()))
Case #48: (()(()))()(())
Case #49: ()(())(())
Case #50: ((()())()()()())()
Case #51: Doesn't Exist!
Case #52: Doesn't Exist!
Case #53: Doesn't Exist!
Case #54: Doesn't Exist!
Case #55: Doesn't Exist!
Case #56: ()((()((())))()())
Case #57: Doesn't Exist!
Case #58: ()(())(()())(())()()
Case #59: (()()())()
Case #60: Doesn't Exist!
Case #61: Doesn't Exist!
Case #62: ()()()()
Case #63: (())()(((())()))()()
Case #64: Doesn't Exist!
Case #65: Doesn't Exist!
Case #66: Doesn't Exist!
Case #67: (()())
Case #68: (())
Case #69: Doesn't Exist!
Case #70: ((((()()()))))
Case #71: (())()()((()))
Case #72: (())()
Case #73: (())((()))
Case #74: ()((()(()(())()))())
Case #75: ()()()
Case #76: ()(())(())
Case #77: (())((()()))
Case #78: Doesn't Exist!
Case #79: ()(())(((())(())()))
Case #80: ((())())
Case #81: Doesn't Exist!
Case #82: Doesn't Exist!
Case #83: Doesn't Exist!
Case #84: Doesn't Exist!
Case #85: (()())()()()()()
Case #86: ((()))((())())
Case #87: (()(()))
Case #88: ((())())((())())
Case #89: (()(())())(())
Case #90: Doesn't Exist!
Case #91: ((())()()()()()())()
Case #92: Doesn't Exist!
Case #93: (())()(((()))())()
Case #94: (()(()))
Case #95: Doesn't Exist!
Case #96: (())(())
Case #97: (((())))
